** m =     5.00, b =     6.99 **
    4096 ,      8 ,     107.45
** m =     5.00, b =     6.99 **
    4096 ,     32 ,     107.38
** m =     5.00, b =     6.99 **
    4096 ,     64 ,     108.57
** m =     5.00, b =     6.99 **
    4096 ,    128 ,     105.01
** m =     5.00, b =     6.99 **
    4096 ,    256 ,     106.83
** m =     5.00, b =     7.00 **
   16384 ,      8 ,     400.77
** m =     5.00, b =     7.00 **
   16384 ,     32 ,     433.53
** m =     5.00, b =     7.00 **
   16384 ,     64 ,     412.76
** m =     5.00, b =     7.00 **
   16384 ,    128 ,     424.48
** m =     5.00, b =     7.00 **
   16384 ,    256 ,     430.92
** m =     5.00, b =     7.00 **
   65536 ,      8 ,    1288.95
** m =     5.00, b =     7.00 **
   65536 ,     32 ,    1667.66
** m =     5.00, b =     7.00 **
   65536 ,     64 ,    1695.10
** m =     5.00, b =     7.00 **
   65536 ,    128 ,    1747.45
** m =     5.00, b =     7.00 **
   65536 ,    256 ,    1715.06
** m =     5.00, b =     7.00 **
  262144 ,      8 ,      83.89
** m =     5.00, b =     7.00 **
  262144 ,     32 ,     968.29
** m =     5.00, b =     7.00 **
  262144 ,     64 ,    1021.66
** m =     5.00, b =     7.00 **
  262144 ,    128 ,    1020.04
** m =     5.00, b =     7.00 **
  262144 ,    256 ,    1022.61
** m =     5.00, b =     7.00 **
 1048576 ,      8 ,    1558.06
** m =     5.00, b =     7.00 **
 1048576 ,     32 ,    2078.56
** m =     5.00, b =     7.00 **
 1048576 ,     64 ,    2175.37
** m =     5.00, b =     7.00 **
 1048576 ,    128 ,    2047.54
** m =     5.00, b =     7.00 **
 1048576 ,    256 ,    2194.14
** m =     5.01, b =     7.00 **
 4194304 ,      8 ,    3145.81
** m =     5.01, b =     7.00 **
 4194304 ,     32 ,    6152.97
** m =     5.01, b =     7.00 **
 4194304 ,     64 ,    6639.79
** m =     5.01, b =     7.00 **
 4194304 ,    128 ,    6384.10
** m =     5.01, b =     7.00 **
 4194304 ,    256 ,    2245.12
