      1024 ,        8 ,    24.3902 ,  82.81
      1024 ,       16 ,    22.2222 ,  83.98
      1024 ,       32 ,    22.2222 ,  85.06
      1024 ,       64 ,    21.7391 ,  84.67
      1024 ,      128 ,    21.7391 ,  82.81
      1024 ,      256 ,    22.2222 ,  83.69
      4096 ,        8 ,    78.4314 ,  83.20
      4096 ,       16 ,    85.1064 ,  82.67
      4096 ,       32 ,    80.0000 ,  84.62
      4096 ,       64 ,    74.0741 ,  83.45
      4096 ,      128 ,    74.0741 ,  85.16
      4096 ,      256 ,    90.9091 ,  83.03
     16384 ,        8 ,   326.5306 ,  83.72
     16384 ,       16 ,   301.8868 ,  84.23
     16384 ,       32 ,   340.4255 ,  84.19
     16384 ,       64 ,   363.6364 ,  83.45
     16384 ,      128 ,   333.3333 ,  83.72
     16384 ,      256 ,   355.5556 ,  83.95
     65536 ,        8 ,  1107.0270 ,  83.74
     65536 ,       16 ,  1199.0633 ,  83.95
     65536 ,       32 ,  1337.6878 ,  83.67
     65536 ,       64 ,  1277.6045 ,  84.01
     65536 ,      128 ,  1335.9426 ,  83.82
     65536 ,      256 ,  1428.1730 ,  83.75
    262144 ,        8 ,  2556.8040 ,  83.86
    262144 ,       16 ,  3563.2883 ,  83.75
    262144 ,       32 ,  4423.3261 ,  83.84
    262144 ,       64 ,  4782.2533 ,  83.77
    262144 ,      128 ,  4528.4687 ,  83.92
    262144 ,      256 ,  4348.1953 ,  83.86
   1048576 ,        8 ,  3844.2047 ,  83.85
   1048576 ,       16 ,  6509.3363 ,  83.79
   1048576 ,       32 ,  9691.8074 ,  83.77
   1048576 ,       64 , 12632.2284 ,  83.75
   1048576 ,      128 , 13070.6023 ,  83.77
   1048576 ,      256 , 13336.5889 ,  83.83
   2097152 ,        8 ,  4300.8269 ,  83.77
   2097152 ,       16 ,  7702.8683 ,  83.83
   2097152 ,       32 , 12683.5688 ,  83.82
   2097152 ,       64 , 18799.7705 ,  83.83
   2097152 ,      128 , 20621.7748 ,  83.80
   2097152 ,      256 , 20791.8780 ,  83.79
